<?xml version="1.0" encoding="UTF-8"?>
<!-- Generated by org.testng.reporters.JUnitReportReporter -->
<testsuite skipped="0" hostname="LAPTOP-FK7QL8FC" name="java_practise.parameters" tests="1" failures="0" timestamp="2022-08-07T15:16:14 IST" time="0.023" errors="0">
  <testcase name="parameter" time="0.023" classname="java_practise.parameters"/>
  <system-out/>
</testsuite> <!-- java_practise.parameters -->
