<?xml version="1.0" encoding="UTF-8"?>
<!-- Generated by org.testng.reporters.JUnitReportReporter -->
<testsuite skipped="0" hostname="LAPTOP-FK7QL8FC" name="java_practise.number_of_occures" tests="2" failures="0" timestamp="2022-08-07T15:08:14 IST" time="0.023" errors="0">
  <testcase name="number" time="0.017" classname="java_practise.number_of_occures"/>
  <system-out/>
  <testcase name="testing" time="0.006" classname="java_practise.number_of_occures"/>
  <system-out/>
</testsuite> <!-- java_practise.number_of_occures -->
